Using pre-set license
Built from '2020.3/staging' branch; Version is '2020.3.6f1 (338bb68529b2) revision 3378102'; Using compiler version '192528614'; Build Type 'Release'
OS: 'Windows 10 Pro; OS build 19041.928; Version 2004; 64bit' Language: 'en' Physical Memory: 16289 MB
BatchMode: 1, IsHumanControllingUs: 0, StartBugReporterOnCrash: 0, Is64bit: 1, IsPro: 0

 COMMAND LINE ARGUMENTS:
C:\Program Files\Unity\Hub\Editor\2019.4.18f1\Editor\Unity.exe
-adb2
-batchMode
-noUpm
-name
AssetImportWorker0
-projectPath
D:/Final
-logFile
Logs/AssetImportWorker0.log
-srvPort
50799
Successfully changed project path to: D:/Final
D:/Final
Using Asset Import Pipeline V2.
Refreshing native plugins compatible for Editor in 69.55 ms, found 0 plugins.
Preloading 0 native plugins for Editor in 0.00 ms.
Initialize engine version: 2020.3.6f1 (338bb68529b2)
[Subsystems] Discovering subsystems at path C:/Program Files/Unity/Hub/Editor/2019.4.18f1/Editor/Data/Resources/UnitySubsystems
[Subsystems] Discovering subsystems at path D:/Final/Assets
GfxDevice: creating device client; threaded=0
Direct3D:
    Version:  Direct3D 11.0 [level 11.1]
    Renderer: Intel(R) HD Graphics Family (ID=0xa16)
    Vendor:   
    VRAM:     2048 MB
    Driver:   20.19.15.5058
Initialize mono
Mono path[0] = 'C:/Program Files/Unity/Hub/Editor/2019.4.18f1/Editor/Data/Managed'
Mono path[1] = 'C:/Program Files/Unity/Hub/Editor/2019.4.18f1/Editor/Data/MonoBleedingEdge/lib/mono/unityjit'
Mono config path = 'C:/Program Files/Unity/Hub/Editor/2019.4.18f1/Editor/Data/MonoBleedingEdge/etc'
Using monoOptions --debugger-agent=transport=dt_socket,embedding=1,server=y,suspend=n,address=127.0.0.1:56844
Begin MonoManager ReloadAssembly
Registering precompiled unity dll's ...
Register platform support module: C:/Program Files/Unity/Hub/Editor/2019.4.18f1/Editor/Data/PlaybackEngines/WindowsStandaloneSupport/UnityEditor.WindowsStandalone.Extensions.dll
Registered in 0.141413 seconds.
Native extension for WindowsStandalone target not found
Refreshing native plugins compatible for Editor in 39.46 ms, found 0 plugins.
Preloading 0 native plugins for Editor in 0.00 ms.
Mono: successfully reloaded assembly
- Completed reload, in  5.681 seconds
Platform modules already initialized, skipping
Registering precompiled user dll's ...
Registered in 0.066884 seconds.
Begin MonoManager ReloadAssembly
Native extension for WindowsStandalone target not found
Refreshing native plugins compatible for Editor in 0.66 ms, found 0 plugins.
Preloading 0 native plugins for Editor in 0.00 ms.
Mono: successfully reloaded assembly
- Completed reload, in  3.548 seconds
Platform modules already initialized, skipping
========================================================================
Worker process is ready to serve import requests
Launched and connected shader compiler UnityShaderCompiler.exe after 0.17 seconds
Refreshing native plugins compatible for Editor in 0.41 ms, found 0 plugins.
Preloading 0 native plugins for Editor in 0.00 ms.
Unloading 1235 Unused Serialized files (Serialized files now loaded: 0)
System memory in use before: 80.4 MB.
System memory in use after: 80.2 MB.

Unloading 10 unused Assets to reduce memory usage. Loaded Objects now: 1699.
Total: 2.471700 ms (FindLiveObjects: 0.260800 ms CreateObjectMapping: 0.075000 ms MarkObjects: 1.697100 ms  DeleteObjects: 0.437200 ms)

========================================================================
Received Import Request.
  path: Assets/New Terrain.asset
  artifactKey: Guid(be7a8bd71a44269438cf2d0bb3ae9c59) Importer(815301076,1909f56bfc062723c751e8b465ee728b)
Start importing Assets/New Terrain.asset using Guid(be7a8bd71a44269438cf2d0bb3ae9c59) Importer(815301076,1909f56bfc062723c751e8b465ee728b)  -> (artifact id: '8ba7ae33343903159ff748e9dd2f7c85') in 0.080933 seconds
  Import took 0.084266 seconds .

========================================================================
Received Import Request.
  Time since last request: 43.682665 seconds.
  path: Assets/New Terrain.asset
  artifactKey: Guid(be7a8bd71a44269438cf2d0bb3ae9c59) Importer(815301076,1909f56bfc062723c751e8b465ee728b)
Start importing Assets/New Terrain.asset using Guid(be7a8bd71a44269438cf2d0bb3ae9c59) Importer(815301076,1909f56bfc062723c751e8b465ee728b)  -> (artifact id: 'd338c73159c51de8ff178270529c72a5') in 0.022874 seconds
  Import took 0.026343 seconds .

========================================================================
Received Import Request.
  Time since last request: 240.177484 seconds.
  path: Assets
  artifactKey: Guid(00000000000000001000000000000000) Importer(815301076,1909f56bfc062723c751e8b465ee728b)
Start importing Assets using Guid(00000000000000001000000000000000) Importer(815301076,1909f56bfc062723c751e8b465ee728b)  -> (artifact id: '2c602d4445bd9e0e517b9a7c882a2249') in 0.015588 seconds
  Import took 0.020851 seconds .

========================================================================
Received Import Request.
  Time since last request: 7.786363 seconds.
  path: Assets/Texture
  artifactKey: Guid(b28d7f37a08a3e548a554a8038d93af0) Importer(815301076,1909f56bfc062723c751e8b465ee728b)
Start importing Assets/Texture using Guid(b28d7f37a08a3e548a554a8038d93af0) Importer(815301076,1909f56bfc062723c751e8b465ee728b)  -> (artifact id: '5edefcd2212905d4380337d00f5db8ec') in 0.013366 seconds
  Import took 0.018304 seconds .

========================================================================
Received Import Request.
  Time since last request: 92.102618 seconds.
  path: Assets/Texture/321d741a7abc6178a71bc6e6ac6bc08b.jpg
  artifactKey: Guid(dbdacb437d79bad4cb3da2dfabcb1143) Importer(815301076,1909f56bfc062723c751e8b465ee728b)
Start importing Assets/Texture/321d741a7abc6178a71bc6e6ac6bc08b.jpg using Guid(dbdacb437d79bad4cb3da2dfabcb1143) Importer(815301076,1909f56bfc062723c751e8b465ee728b)  -> (artifact id: 'd8f7b27d316f167660a146ab47a7f615') in 0.124447 seconds
  Import took 0.128137 seconds .

========================================================================
Received Import Request.
  Time since last request: 0.000268 seconds.
  path: Assets/Texture/edb2777d8a6f421f61d69cb47f0feb81.jpg
  artifactKey: Guid(ee12cea2597c5654084a7e8f5900925f) Importer(815301076,1909f56bfc062723c751e8b465ee728b)
Start importing Assets/Texture/edb2777d8a6f421f61d69cb47f0feb81.jpg using Guid(ee12cea2597c5654084a7e8f5900925f) Importer(815301076,1909f56bfc062723c751e8b465ee728b)  -> (artifact id: '063422138af60d7743cac45390c6748b') in 0.053985 seconds
  Import took 0.057727 seconds .

========================================================================
Received Import Request.
  Time since last request: 0.000380 seconds.
  path: Assets/Texture/Deep-Green-Grass-Texture-1-620x413.jpg
  artifactKey: Guid(15997c30429718a41ae6fdd2fe5d0240) Importer(815301076,1909f56bfc062723c751e8b465ee728b)
Start importing Assets/Texture/Deep-Green-Grass-Texture-1-620x413.jpg using Guid(15997c30429718a41ae6fdd2fe5d0240) Importer(815301076,1909f56bfc062723c751e8b465ee728b)  -> (artifact id: 'f6ecb3480852e6e9f540b391ce4515d4') in 0.027794 seconds
  Import took 0.031182 seconds .

========================================================================
Received Import Request.
  Time since last request: 0.000273 seconds.
  path: Assets/Texture/Black Asphalt Seamless.jpg
  artifactKey: Guid(5b01e8c203a14c645b82e916f9567151) Importer(815301076,1909f56bfc062723c751e8b465ee728b)
Start importing Assets/Texture/Black Asphalt Seamless.jpg using Guid(5b01e8c203a14c645b82e916f9567151) Importer(815301076,1909f56bfc062723c751e8b465ee728b)  -> (artifact id: '0815461b4ac9ea966828d9cc20728c6f') in 0.025281 seconds
  Import took 0.029094 seconds .

========================================================================
Received Import Request.
  Time since last request: 200.982921 seconds.
  path: Assets/Texture/whiterock.jpg
  artifactKey: Guid(dbdacb437d79bad4cb3da2dfabcb1143) Importer(815301076,1909f56bfc062723c751e8b465ee728b)
Start importing Assets/Texture/whiterock.jpg using Guid(dbdacb437d79bad4cb3da2dfabcb1143) Importer(815301076,1909f56bfc062723c751e8b465ee728b)  -> (artifact id: 'b113721c446885d0919055118abe09c9') in 0.026724 seconds
  Import took 0.035512 seconds .

========================================================================
Received Import Request.
  Time since last request: 9.947785 seconds.
  path: Assets/Texture/brownrock.jpg
  artifactKey: Guid(ee12cea2597c5654084a7e8f5900925f) Importer(815301076,1909f56bfc062723c751e8b465ee728b)
Start importing Assets/Texture/brownrock.jpg using Guid(ee12cea2597c5654084a7e8f5900925f) Importer(815301076,1909f56bfc062723c751e8b465ee728b)  -> (artifact id: '496c41bc67394d480a6f12d37cd67b8c') in 0.026530 seconds
  Import took 0.029373 seconds .

========================================================================
Received Import Request.
  Time since last request: 13.851381 seconds.
  path: Assets/Texture/NewBrush.brush
  artifactKey: Guid(56d0734709fcd044695b004333eda3bc) Importer(815301076,1909f56bfc062723c751e8b465ee728b)
Start importing Assets/Texture/NewBrush.brush using Guid(56d0734709fcd044695b004333eda3bc) Importer(815301076,1909f56bfc062723c751e8b465ee728b)  -> (artifact id: '3daf32b7a418e667031eab85d6498619') in 0.099890 seconds
  Import took 0.105698 seconds .

========================================================================
Received Import Request.
  Time since last request: 13.855395 seconds.
  path: Assets/Texture/NewBrush 1.brush
  artifactKey: Guid(2590f6897ca48d64da4edb86ed3ee772) Importer(815301076,1909f56bfc062723c751e8b465ee728b)
Start importing Assets/Texture/NewBrush 1.brush using Guid(2590f6897ca48d64da4edb86ed3ee772) Importer(815301076,1909f56bfc062723c751e8b465ee728b)  -> (artifact id: '987f130fc22f84fe35dfb75538d4f026') in 0.033209 seconds
  Import took 0.037512 seconds .

========================================================================
Received Import Request.
  Time since last request: 0.015133 seconds.
  path: Assets/Texture/NewBrush 1.brush
  artifactKey: Guid(2590f6897ca48d64da4edb86ed3ee772) Importer(815301076,1909f56bfc062723c751e8b465ee728b)
Start importing Assets/Texture/NewBrush 1.brush using Guid(2590f6897ca48d64da4edb86ed3ee772) Importer(815301076,1909f56bfc062723c751e8b465ee728b)  -> (artifact id: '987f130fc22f84fe35dfb75538d4f026') in 0.025172 seconds
  Import took 0.029092 seconds .

AssetImportWorkerClient::OnTransportError - code=2 error=End of file
